<?xml version="1.0" encoding="UTF-8"?>
<!-- Generated by org.testng.reporters.JUnitXMLReporter -->
<testsuite ignored="0" hostname="jalebi12345" failures="0" tests="6" name="DropdownTest" time="0.092" errors="0" timestamp="2025-06-10T17:14:21 IST">
  <testcase classname="tests.DropDownTest" name="testDropdownMenuItems" time="0.0">
    <skipped/>
  </testcase> <!-- testDropdownMenuItems -->
  <testcase classname="tests.DropDownTest" name="testDropdownMenuStructure" time="0.0">
    <skipped/>
  </testcase> <!-- testDropdownMenuStructure -->
  <testcase classname="tests.DropDownTest" name="testDropdownOpenAndClose" time="0.0">
    <skipped/>
  </testcase> <!-- testDropdownOpenAndClose -->
  <testcase classname="tests.DropDownTest" name="testLogoutFunctionality" time="0.0">
    <skipped/>
  </testcase> <!-- testLogoutFunctionality -->
  <testcase classname="tests.DropDownTest" name="testMenuItemHoverEffects" time="0.0">
    <skipped/>
  </testcase> <!-- testMenuItemHoverEffects -->
  <testcase classname="tests.DropDownTest" name="testMenuItemSelection" time="0.0">
    <skipped/>
  </testcase> <!-- testMenuItemSelection -->
</testsuite> <!-- DropdownTest -->
