<?xml version="1.0" encoding="UTF-8"?>
<!-- Generated by org.testng.reporters.JUnitXMLReporter -->
<testsuite ignored="10" hostname="jalebi12345" failures="0" tests="0" time="0.021" errors="0" timestamp="2025-06-10T17:14:21 IST">
  <testcase classname="tests.LoginTest" name="testFieldVisibilityByMode" time="0.0">
    <ignored/>
  </testcase> <!-- testFieldVisibilityByMode -->
  <testcase classname="tests.LoginTest" name="testValidLogin" time="0.0">
    <ignored/>
  </testcase> <!-- testValidLogin -->
  <testcase classname="tests.LoginTest" name="testRegistration" time="0.0">
    <ignored/>
  </testcase> <!-- testRegistration -->
  <testcase classname="tests.LoginTest" name="testAnimationTransitions" time="0.0">
    <ignored/>
  </testcase> <!-- testAnimationTransitions -->
  <testcase classname="tests.LoginTest" name="testAuthFormInitialState" time="0.0">
    <ignored/>
  </testcase> <!-- testAuthFormInitialState -->
  <testcase classname="tests.LoginTest" name="testPasswordMismatchRegistration" time="0.0">
    <ignored/>
  </testcase> <!-- testPasswordMismatchRegistration -->
  <testcase classname="tests.LoginTest" name="testMethodChaining" time="0.0">
    <ignored/>
  </testcase> <!-- testMethodChaining -->
  <testcase classname="tests.LoginTest" name="testInvalidLogin" time="0.0">
    <ignored/>
  </testcase> <!-- testInvalidLogin -->
  <testcase classname="tests.LoginTest" name="testEmptyFormValidation" time="0.0">
    <ignored/>
  </testcase> <!-- testEmptyFormValidation -->
  <testcase classname="tests.LoginTest" name="testModeSwitching" time="0.0">
    <ignored/>
  </testcase> <!-- testModeSwitching -->
</testsuite>
