<?xml version="1.0" encoding="UTF-8"?>
<!-- Generated by org.testng.reporters.JUnitXMLReporter -->
<testsuite ignored="0" hostname="jalebi12345" failures="0" tests="8" name="Chrome Headless Tests" time="34.788" errors="0" timestamp="2025-06-12T16:58:49 IST">
  <testcase classname="tests.DropDownTest" name="testDropdownButtonExists" time="0.142"/>
  <testcase classname="tests.DropDownTest" name="testDropdownOpens" time="0.0">
    <skipped/>
  </testcase> <!-- testDropdownOpens -->
  <testcase classname="tests.DropDownTest" name="testDropdownMenuItems" time="0.0">
    <skipped/>
  </testcase> <!-- testDropdownMenuItems -->
  <testcase classname="tests.DropDownTest" name="testDropdownClosesOnOutsideClick" time="0.0">
    <skipped/>
  </testcase> <!-- testDropdownClosesOnOutsideClick -->
  <testcase classname="tests.DropDownTest" name="testContactMenuNavigation" time="0.0">
    <skipped/>
  </testcase> <!-- testContactMenuNavigation -->
  <testcase classname="tests.DropDownTest" name="testLogoutFunctionality" time="0.0">
    <skipped/>
  </testcase> <!-- testLogoutFunctionality -->
  <testcase classname="tests.DropDownTest" name="testChangePasswordOption" time="0.0">
    <skipped/>
  </testcase> <!-- testChangePasswordOption -->
  <testcase classname="tests.DropDownTest" name="testDropdownToggle" time="0.0">
    <skipped/>
  </testcase> <!-- testDropdownToggle -->
</testsuite> <!-- Chrome Headless Tests -->
