<?xml version="1.0" encoding="UTF-8"?>
<!-- Generated by org.testng.reporters.JUnitXMLReporter -->
<testsuite ignored="0" hostname="jalebi12345" failures="0" tests="15" name="Edge Tests" time="0.301" errors="0" timestamp="2025-06-13T11:32:47 IST">
  <testcase classname="tests.LoginTest" name="testAuthFormInitialState" time="0.0">
    <skipped/>
  </testcase> <!-- testAuthFormInitialState -->
  <testcase classname="tests.DropDownTest" name="testLoginWithValidCredentials" time="0.001">
    <skipped/>
  </testcase> <!-- testLoginWithValidCredentials -->
  <testcase classname="tests.DropDownTest" name="testDropdownMenuIsVisible" time="0.0">
    <skipped/>
  </testcase> <!-- testDropdownMenuIsVisible -->
  <testcase classname="tests.LoginTest" name="testValidLogin" time="0.0">
    <skipped/>
  </testcase> <!-- testValidLogin -->
  <testcase classname="tests.DropDownTest" name="testClickContactLink" time="0.0">
    <skipped/>
  </testcase> <!-- testClickContactLink -->
  <testcase classname="tests.LoginTest" name="testInvalidLogin" time="0.001">
    <skipped/>
  </testcase> <!-- testInvalidLogin -->
  <testcase classname="tests.DropDownTest" name="testClickChangePassword" time="0.001">
    <skipped/>
  </testcase> <!-- testClickChangePassword -->
  <testcase classname="tests.LoginTest" name="testModeSwitching" time="0.0">
    <skipped/>
  </testcase> <!-- testModeSwitching -->
  <testcase classname="tests.DropDownTest" name="testHoverOverDropDownItems" time="0.0">
    <skipped/>
  </testcase> <!-- testHoverOverDropDownItems -->
  <testcase classname="tests.LoginTest" name="testRegistration" time="0.0">
    <skipped/>
  </testcase> <!-- testRegistration -->
  <testcase classname="tests.LoginTest" name="testFieldVisibilityByMode" time="0.0">
    <skipped/>
  </testcase> <!-- testFieldVisibilityByMode -->
  <testcase classname="tests.LoginTest" name="testAnimationTransitions" time="0.0">
    <skipped/>
  </testcase> <!-- testAnimationTransitions -->
  <testcase classname="tests.LoginTest" name="testMethodChaining" time="0.0">
    <skipped/>
  </testcase> <!-- testMethodChaining -->
  <testcase classname="tests.LoginTest" name="testPasswordMismatchRegistration" time="0.0">
    <skipped/>
  </testcase> <!-- testPasswordMismatchRegistration -->
  <testcase classname="tests.LoginTest" name="testEmptyFormValidation" time="0.0">
    <skipped/>
  </testcase> <!-- testEmptyFormValidation -->
</testsuite> <!-- Edge Tests -->
